## Footprint report - date 2026-05-04T12:12:20
## Printed by KiCad version 10.0.1
## Unit = mm, Angle = deg.

$BeginDESCRIPTION

$BOARD
upper_left_corner 99.565900 56.566800
$EndBOARD

$MODULE C1
reference C1
value 0.1uF
footprint Capacitor_SMD:C_0805_2012Metric_Pad1.18x1.45mm_HandSolder
attribut smd
position 122.456900 94.165000  orientation -90.00
layer front
$PAD "1"
Shape Roundrect Layer front
position -1.037500  0.000000 size  1.175000  1.450000 orientation 270.00
drill  0.000000
shape_offset  0.000000  0.000000
$EndPAD
$PAD "2"
Shape Roundrect Layer front
position  1.037500  0.000000 size  1.175000  1.450000 orientation 270.00
drill  0.000000
shape_offset  0.000000  0.000000
$EndPAD
$EndMODULE C1

$MODULE C2
reference C2
value 0.1uF
footprint Capacitor_SMD:C_0805_2012Metric_Pad1.18x1.45mm_HandSolder
attribut smd
position 122.751900 78.917800  orientation 180.00
layer front
$PAD "1"
Shape Roundrect Layer front
position -1.037500  0.000000 size  1.175000  1.450000 orientation 180.00
drill  0.000000
shape_offset  0.000000  0.000000
$EndPAD
$PAD "2"
Shape Roundrect Layer front
position  1.037500  0.000000 size  1.175000  1.450000 orientation 180.00
drill  0.000000
shape_offset  0.000000  0.000000
$EndPAD
$EndMODULE C2

$MODULE C3
reference C3
value 0.1uF
footprint Capacitor_SMD:C_0805_2012Metric_Pad1.18x1.45mm_HandSolder
attribut smd
position 133.953300 79.883000  orientation 0.00
layer front
$PAD "1"
Shape Roundrect Layer front
position -1.037500  0.000000 size  1.175000  1.450000 orientation 0.00
drill  0.000000
shape_offset  0.000000  0.000000
$EndPAD
$PAD "2"
Shape Roundrect Layer front
position  1.037500  0.000000 size  1.175000  1.450000 orientation 0.00
drill  0.000000
shape_offset  0.000000  0.000000
$EndPAD
$EndMODULE C3

$MODULE C4
reference C4
value 0.1uF
footprint Capacitor_SMD:C_0805_2012Metric_Pad1.18x1.45mm_HandSolder
attribut smd
position 132.970900 99.066800  orientation 0.00
layer front
$PAD "1"
Shape Roundrect Layer front
position -1.037500  0.000000 size  1.175000  1.450000 orientation 0.00
drill  0.000000
shape_offset  0.000000  0.000000
$EndPAD
$PAD "2"
Shape Roundrect Layer front
position  1.037500  0.000000 size  1.175000  1.450000 orientation 0.00
drill  0.000000
shape_offset  0.000000  0.000000
$EndPAD
$EndMODULE C4

$MODULE C6
reference C6
value 0.1uF
footprint Capacitor_SMD:C_0805_2012Metric_Pad1.18x1.45mm_HandSolder
attribut smd
position 156.483100 83.718400  orientation 0.00
layer front
$PAD "1"
Shape Roundrect Layer front
position -1.037500  0.000000 size  1.175000  1.450000 orientation 0.00
drill  0.000000
shape_offset  0.000000  0.000000
$EndPAD
$PAD "2"
Shape Roundrect Layer front
position  1.037500  0.000000 size  1.175000  1.450000 orientation 0.00
drill  0.000000
shape_offset  0.000000  0.000000
$EndPAD
$EndMODULE C6

$MODULE C7
reference C7
value 2.2uF
footprint Capacitor_SMD:C_0805_2012Metric_Pad1.18x1.45mm_HandSolder
attribut smd
position 126.257100 78.765400  orientation 90.00
layer front
$PAD "1"
Shape Roundrect Layer front
position -1.037500  0.000000 size  1.175000  1.450000 orientation 90.00
drill  0.000000
shape_offset  0.000000  0.000000
$EndPAD
$PAD "2"
Shape Roundrect Layer front
position  1.037500  0.000000 size  1.175000  1.450000 orientation 90.00
drill  0.000000
shape_offset  0.000000  0.000000
$EndPAD
$EndMODULE C7

$MODULE C8
reference C8
value 0.1uF
footprint Capacitor_SMD:C_0805_2012Metric_Pad1.18x1.45mm_HandSolder
attribut smd
position 160.721000 83.732800  orientation 0.00
layer front
$PAD "1"
Shape Roundrect Layer front
position -1.037500  0.000000 size  1.175000  1.450000 orientation 0.00
drill  0.000000
shape_offset  0.000000  0.000000
$EndPAD
$PAD "2"
Shape Roundrect Layer front
position  1.037500  0.000000 size  1.175000  1.450000 orientation 0.00
drill  0.000000
shape_offset  0.000000  0.000000
$EndPAD
$EndMODULE C8

$MODULE C9
reference C9
value 10uF
footprint Capacitor_Tantalum_SMD:CP_EIA-6032-28_Kemet-C_HandSolder
attribut smd
position 158.535300 87.079300  orientation 0.00
layer front
$PAD "1"
Shape Roundrect Layer front
position -2.557500  0.000000 size  2.245000  2.390000 orientation 0.00
drill  0.000000
shape_offset  0.000000  0.000000
$EndPAD
$PAD "2"
Shape Roundrect Layer front
position  2.557500  0.000000 size  2.245000  2.390000 orientation 0.00
drill  0.000000
shape_offset  0.000000  0.000000
$EndPAD
$EndMODULE C9

$MODULE C13
reference C13
value 0.1uF
footprint Capacitor_SMD:C_0805_2012Metric_Pad1.18x1.45mm_HandSolder
attribut smd
position 138.855500 68.478400  orientation 90.00
layer front
$PAD "1"
Shape Roundrect Layer front
position -1.037500  0.000000 size  1.175000  1.450000 orientation 90.00
drill  0.000000
shape_offset  0.000000  0.000000
$EndPAD
$PAD "2"
Shape Roundrect Layer front
position  1.037500  0.000000 size  1.175000  1.450000 orientation 90.00
drill  0.000000
shape_offset  0.000000  0.000000
$EndPAD
$EndMODULE C13

$MODULE C14
reference C14
value 0.1uF
footprint Capacitor_SMD:C_0805_2012Metric_Pad1.18x1.45mm_HandSolder
attribut smd
position 138.906300 72.923400  orientation -90.00
layer front
$PAD "1"
Shape Roundrect Layer front
position -1.037500  0.000000 size  1.175000  1.450000 orientation 270.00
drill  0.000000
shape_offset  0.000000  0.000000
$EndPAD
$PAD "2"
Shape Roundrect Layer front
position  1.037500  0.000000 size  1.175000  1.450000 orientation 270.00
drill  0.000000
shape_offset  0.000000  0.000000
$EndPAD
$EndMODULE C14

$MODULE C15
reference C15
value 10uF
footprint Capacitor_SMD:C_0805_2012Metric_Pad1.18x1.45mm_HandSolder
attribut smd
position 141.116100 68.453000  orientation 90.00
layer front
$PAD "1"
Shape Roundrect Layer front
position -1.037500  0.000000 size  1.175000  1.450000 orientation 90.00
drill  0.000000
shape_offset  0.000000  0.000000
$EndPAD
$PAD "2"
Shape Roundrect Layer front
position  1.037500  0.000000 size  1.175000  1.450000 orientation 90.00
drill  0.000000
shape_offset  0.000000  0.000000
$EndPAD
$EndMODULE C15

$MODULE C16
reference C16
value 10uF
footprint Capacitor_SMD:C_0805_2012Metric_Pad1.18x1.45mm_HandSolder
attribut smd
position 141.217700 72.901900  orientation -90.00
layer front
$PAD "1"
Shape Roundrect Layer front
position -1.037500  0.000000 size  1.175000  1.450000 orientation 270.00
drill  0.000000
shape_offset  0.000000  0.000000
$EndPAD
$PAD "2"
Shape Roundrect Layer front
position  1.037500  0.000000 size  1.175000  1.450000 orientation 270.00
drill  0.000000
shape_offset  0.000000  0.000000
$EndPAD
$EndMODULE C16

$MODULE C17
reference C17
value 0.1uF
footprint Capacitor_SMD:C_0805_2012Metric_Pad1.18x1.45mm_HandSolder
attribut smd
position 141.243100 59.029600  orientation 90.00
layer front
$PAD "1"
Shape Roundrect Layer front
position -1.037500  0.000000 size  1.175000  1.450000 orientation 90.00
drill  0.000000
shape_offset  0.000000  0.000000
$EndPAD
$PAD "2"
Shape Roundrect Layer front
position  1.037500  0.000000 size  1.175000  1.450000 orientation 90.00
drill  0.000000
shape_offset  0.000000  0.000000
$EndPAD
$EndMODULE C17

$MODULE C18
reference C18
value 10uF
footprint Capacitor_SMD:C_0805_2012Metric_Pad1.18x1.45mm_HandSolder
attribut smd
position 138.804700 59.004200  orientation 90.00
layer front
$PAD "1"
Shape Roundrect Layer front
position -1.037500  0.000000 size  1.175000  1.450000 orientation 90.00
drill  0.000000
shape_offset  0.000000  0.000000
$EndPAD
$PAD "2"
Shape Roundrect Layer front
position  1.037500  0.000000 size  1.175000  1.450000 orientation 90.00
drill  0.000000
shape_offset  0.000000  0.000000
$EndPAD
$EndMODULE C18

$MODULE C19
reference C19
value 22p
footprint Capacitor_SMD:C_0805_2012Metric_Pad1.18x1.45mm_HandSolder
attribut smd
position 140.372700 91.367100  orientation 90.00
layer front
$PAD "1"
Shape Roundrect Layer front
position -1.037500  0.000000 size  1.175000  1.450000 orientation 90.00
drill  0.000000
shape_offset  0.000000  0.000000
$EndPAD
$PAD "2"
Shape Roundrect Layer front
position  1.037500  0.000000 size  1.175000  1.450000 orientation 90.00
drill  0.000000
shape_offset  0.000000  0.000000
$EndPAD
$EndMODULE C19

$MODULE C20
reference C20
value 22p
footprint Capacitor_SMD:C_0805_2012Metric_Pad1.18x1.45mm_HandSolder
attribut smd
position 140.372700 87.430100  orientation -90.00
layer front
$PAD "1"
Shape Roundrect Layer front
position -1.037500  0.000000 size  1.175000  1.450000 orientation 270.00
drill  0.000000
shape_offset  0.000000  0.000000
$EndPAD
$PAD "2"
Shape Roundrect Layer front
position  1.037500  0.000000 size  1.175000  1.450000 orientation 270.00
drill  0.000000
shape_offset  0.000000  0.000000
$EndPAD
$EndMODULE C20

$MODULE C21
reference C21
value 0.01uF
footprint Capacitor_SMD:C_0805_2012Metric_Pad1.18x1.45mm_HandSolder
attribut smd
position 140.582700 100.566800  orientation 0.00
layer front
$PAD "1"
Shape Roundrect Layer front
position -1.037500  0.000000 size  1.175000  1.450000 orientation 0.00
drill  0.000000
shape_offset  0.000000  0.000000
$EndPAD
$PAD "2"
Shape Roundrect Layer front
position  1.037500  0.000000 size  1.175000  1.450000 orientation 0.00
drill  0.000000
shape_offset  0.000000  0.000000
$EndPAD
$EndMODULE C21

$MODULE C22
reference C22
value 0.1uF
footprint Capacitor_SMD:C_0805_2012Metric_Pad1.18x1.45mm_HandSolder
attribut smd
position 141.217700 64.240500  orientation -90.00
layer front
$PAD "1"
Shape Roundrect Layer front
position -1.037500  0.000000 size  1.175000  1.450000 orientation 270.00
drill  0.000000
shape_offset  0.000000  0.000000
$EndPAD
$PAD "2"
Shape Roundrect Layer front
position  1.037500  0.000000 size  1.175000  1.450000 orientation 270.00
drill  0.000000
shape_offset  0.000000  0.000000
$EndPAD
$EndMODULE C22

$MODULE C23
reference C23
value 10uF
footprint Capacitor_SMD:C_0805_2012Metric_Pad1.18x1.45mm_HandSolder
attribut smd
position 138.855500 64.312800  orientation -90.00
layer front
$PAD "1"
Shape Roundrect Layer front
position -1.037500  0.000000 size  1.175000  1.450000 orientation 270.00
drill  0.000000
shape_offset  0.000000  0.000000
$EndPAD
$PAD "2"
Shape Roundrect Layer front
position  1.037500  0.000000 size  1.175000  1.450000 orientation 270.00
drill  0.000000
shape_offset  0.000000  0.000000
$EndPAD
$EndMODULE C23

$MODULE C24
reference C24
value 0.1uF
footprint Capacitor_SMD:C_0805_2012Metric_Pad1.18x1.45mm_HandSolder
attribut smd
position 137.483900 86.969600  orientation -90.00
layer front
$PAD "1"
Shape Roundrect Layer front
position -1.037500  0.000000 size  1.175000  1.450000 orientation 270.00
drill  0.000000
shape_offset  0.000000  0.000000
$EndPAD
$PAD "2"
Shape Roundrect Layer front
position  1.037500  0.000000 size  1.175000  1.450000 orientation 270.00
drill  0.000000
shape_offset  0.000000  0.000000
$EndPAD
$EndMODULE C24

$MODULE C25
reference C25
value 10uF
footprint Capacitor_SMD:C_0805_2012Metric_Pad1.18x1.45mm_HandSolder
attribut smd
position 122.751900 81.127600  orientation 180.00
layer front
$PAD "1"
Shape Roundrect Layer front
position -1.037500  0.000000 size  1.175000  1.450000 orientation 180.00
drill  0.000000
shape_offset  0.000000  0.000000
$EndPAD
$PAD "2"
Shape Roundrect Layer front
position  1.037500  0.000000 size  1.175000  1.450000 orientation 180.00
drill  0.000000
shape_offset  0.000000  0.000000
$EndPAD
$EndMODULE C25

$MODULE C26
reference C26
value 0.1uF
footprint Capacitor_SMD:C_0805_2012Metric_Pad1.18x1.45mm_HandSolder
attribut smd
position 149.218700 92.532200  orientation 180.00
layer front
$PAD "1"
Shape Roundrect Layer front
position -1.037500  0.000000 size  1.175000  1.450000 orientation 180.00
drill  0.000000
shape_offset  0.000000  0.000000
$EndPAD
$PAD "2"
Shape Roundrect Layer front
position  1.037500  0.000000 size  1.175000  1.450000 orientation 180.00
drill  0.000000
shape_offset  0.000000  0.000000
$EndPAD
$EndMODULE C26

$MODULE D1
reference D1
value WS2812B
footprint LED_SMD:LED_WS2812B_PLCC4_5.0x5.0mm_P3.2mm
attribut smd
position 149.294900 87.757000  orientation 90.00
layer front
$PAD "1"
Shape Roundrect Layer front
position -2.450000 -1.650000 size  1.500000  0.900000 orientation 90.00
drill  0.000000
shape_offset  0.000000  0.000000
$EndPAD
$PAD "2"
Shape Roundrect Layer front
position -2.450000  1.650000 size  1.500000  0.900000 orientation 90.00
drill  0.000000
shape_offset  0.000000  0.000000
$EndPAD
$PAD "3"
Shape Roundrect Layer front
position  2.450000  1.650000 size  1.500000  0.900000 orientation 90.00
drill  0.000000
shape_offset  0.000000  0.000000
$EndPAD
$PAD "4"
Shape Roundrect Layer front
position  2.450000 -1.650000 size  1.500000  0.900000 orientation 90.00
drill  0.000000
shape_offset  0.000000  0.000000
$EndPAD
$EndMODULE D1

$MODULE D2
reference D2
value USB_LED
footprint LED_SMD:LED_0805_2012Metric_Pad1.15x1.40mm_HandSolder
attribut smd
position 113.328500 81.153000  orientation 90.00
layer front
$PAD "1"
Shape Roundrect Layer front
position -1.025000  0.000000 size  1.150000  1.400000 orientation 90.00
drill  0.000000
shape_offset  0.000000  0.000000
$EndPAD
$PAD "2"
Shape Roundrect Layer front
position  1.025000  0.000000 size  1.150000  1.400000 orientation 90.00
drill  0.000000
shape_offset  0.000000  0.000000
$EndPAD
$EndMODULE D2

$MODULE D3
reference D3
value 3V3_LED
footprint LED_SMD:LED_0805_2012Metric_Pad1.15x1.40mm_HandSolder
attribut smd
position 125.114100 71.653400  orientation 90.00
layer front
$PAD "1"
Shape Roundrect Layer front
position -1.025000  0.000000 size  1.150000  1.400000 orientation 90.00
drill  0.000000
shape_offset  0.000000  0.000000
$EndPAD
$PAD "2"
Shape Roundrect Layer front
position  1.025000  0.000000 size  1.150000  1.400000 orientation 90.00
drill  0.000000
shape_offset  0.000000  0.000000
$EndPAD
$EndMODULE D3

$MODULE D4
reference D4
value USER_LED
footprint LED_SMD:LED_0805_2012Metric_Pad1.15x1.40mm_HandSolder
attribut smd
position 122.421700 75.184000  orientation 0.00
layer front
$PAD "1"
Shape Roundrect Layer front
position -1.025000  0.000000 size  1.150000  1.400000 orientation 0.00
drill  0.000000
shape_offset  0.000000  0.000000
$EndPAD
$PAD "2"
Shape Roundrect Layer front
position  1.025000  0.000000 size  1.150000  1.400000 orientation 0.00
drill  0.000000
shape_offset  0.000000  0.000000
$EndPAD
$EndMODULE D4

$MODULE D5
reference D5
value 5V_LED
footprint LED_SMD:LED_0805_2012Metric_Pad1.15x1.40mm_HandSolder
attribut smd
position 126.561900 59.969400  orientation 0.00
layer front
$PAD "1"
Shape Roundrect Layer front
position -1.025000  0.000000 size  1.150000  1.400000 orientation 0.00
drill  0.000000
shape_offset  0.000000  0.000000
$EndPAD
$PAD "2"
Shape Roundrect Layer front
position  1.025000  0.000000 size  1.150000  1.400000 orientation 0.00
drill  0.000000
shape_offset  0.000000  0.000000
$EndPAD
$EndMODULE D5

$MODULE F1
reference F1
value PTCSMD
footprint Fuse:Fuse_1812_4532Metric
attribut smd
position 106.851500 82.169000  orientation 0.00
layer front
$PAD "1"
Shape Roundrect Layer front
position -2.137500  0.000000 size  1.125000  3.400000 orientation 0.00
drill  0.000000
shape_offset  0.000000  0.000000
$EndPAD
$PAD "2"
Shape Roundrect Layer front
position  2.137500  0.000000 size  1.125000  3.400000 orientation 0.00
drill  0.000000
shape_offset  0.000000  0.000000
$EndPAD
$EndMODULE F1

$MODULE J1
reference J1
value Conn_01x04
footprint Connector_PinHeader_2.54mm:PinHeader_1x04_P2.54mm_Vertical
attribut none
position 103.397100 106.400600  orientation 180.00
layer front
$PAD "1"
Shape Rect Layer both
position  0.000000  0.000000 size  1.700000  1.700000 orientation 180.00
drill  1.000000
shape_offset  0.000000  0.000000
$EndPAD
$PAD "2"
Shape Circle Layer both
position  0.000000  2.540000 size  1.700000  1.700000 orientation 180.00
drill  1.000000
shape_offset  0.000000  0.000000
$EndPAD
$PAD "3"
Shape Circle Layer both
position  0.000000  5.080000 size  1.700000  1.700000 orientation 180.00
drill  1.000000
shape_offset  0.000000  0.000000
$EndPAD
$PAD "4"
Shape Circle Layer both
position  0.000000  7.620000 size  1.700000  1.700000 orientation 180.00
drill  1.000000
shape_offset  0.000000  0.000000
$EndPAD
$EndMODULE J1

$MODULE J2
reference J2
value CONN_MPU6050
footprint Connector_PinSocket_2.54mm:PinSocket_1x08_P2.54mm_Vertical
attribut none
position 134.512100 107.365800  orientation 90.00
layer front
$PAD "1"
Shape Rect Layer both
position  0.000000  0.000000 size  1.700000  1.700000 orientation 90.00
drill  1.000000
shape_offset  0.000000  0.000000
$EndPAD
$PAD "2"
Shape Circle Layer both
position  0.000000  2.540000 size  1.700000  1.700000 orientation 90.00
drill  1.000000
shape_offset  0.000000  0.000000
$EndPAD
$PAD "3"
Shape Circle Layer both
position  0.000000  5.080000 size  1.700000  1.700000 orientation 90.00
drill  1.000000
shape_offset  0.000000  0.000000
$EndPAD
$PAD "4"
Shape Circle Layer both
position  0.000000  7.620000 size  1.700000  1.700000 orientation 90.00
drill  1.000000
shape_offset  0.000000  0.000000
$EndPAD
$PAD "5"
Shape Circle Layer both
position  0.000000 10.160000 size  1.700000  1.700000 orientation 90.00
drill  1.000000
shape_offset  0.000000  0.000000
$EndPAD
$PAD "6"
Shape Circle Layer both
position  0.000000 12.700000 size  1.700000  1.700000 orientation 90.00
drill  1.000000
shape_offset  0.000000  0.000000
$EndPAD
$PAD "7"
Shape Circle Layer both
position  0.000000 15.240000 size  1.700000  1.700000 orientation 90.00
drill  1.000000
shape_offset  0.000000  0.000000
$EndPAD
$PAD "8"
Shape Circle Layer both
position  0.000000 17.780000 size  1.700000  1.700000 orientation 90.00
drill  1.000000
shape_offset  0.000000  0.000000
$EndPAD
$EndMODULE J2

$MODULE J3
reference J3
value USB_C_Receptacle_USB2.0_14P
footprint Connector_USB:USB_C_Receptacle_HCTL_HC-TYPE-C-16P-01A
attribut smd
position 103.770900 89.984400  orientation -90.00
layer front
$PAD ""
Shape Circle Layer nocopper
position -2.890000 -2.605000 size  0.650000  0.650000 orientation 270.00
drill  0.650000
shape_offset  0.000000  0.000000
$EndPAD
$PAD ""
Shape Circle Layer nocopper
position  2.890000 -2.605000 size  0.650000  0.650000 orientation 270.00
drill  0.650000
shape_offset  0.000000  0.000000
$EndPAD
$PAD "A1"
Shape Roundrect Layer front
position -3.200000 -3.745000 size  0.600000  1.300000 orientation 270.00
drill  0.000000
shape_offset  0.000000  0.000000
$EndPAD
$PAD "A4"
Shape Roundrect Layer front
position -2.400000 -3.745000 size  0.600000  1.300000 orientation 270.00
drill  0.000000
shape_offset  0.000000  0.000000
$EndPAD
$PAD "A5"
Shape Roundrect Layer front
position -1.250000 -3.745000 size  0.300000  1.300000 orientation 270.00
drill  0.000000
shape_offset  0.000000  0.000000
$EndPAD
$PAD "A6"
Shape Roundrect Layer front
position -0.250000 -3.745000 size  0.300000  1.300000 orientation 270.00
drill  0.000000
shape_offset  0.000000  0.000000
$EndPAD
$PAD "A7"
Shape Roundrect Layer front
position  0.250000 -3.745000 size  0.300000  1.300000 orientation 270.00
drill  0.000000
shape_offset  0.000000  0.000000
$EndPAD
$PAD "A8"
Shape Roundrect Layer front
position  1.250000 -3.745000 size  0.300000  1.300000 orientation 270.00
drill  0.000000
shape_offset  0.000000  0.000000
$EndPAD
$PAD "A9"
Shape Roundrect Layer front
position  2.400000 -3.745000 size  0.600000  1.300000 orientation 270.00
drill  0.000000
shape_offset  0.000000  0.000000
$EndPAD
$PAD "A12"
Shape Roundrect Layer front
position  3.200000 -3.745000 size  0.600000  1.300000 orientation 270.00
drill  0.000000
shape_offset  0.000000  0.000000
$EndPAD
$PAD "B1"
Shape Roundrect Layer front
position  3.200000 -3.745000 size  0.600000  1.300000 orientation 270.00
drill  0.000000
shape_offset  0.000000  0.000000
$EndPAD
$PAD "B4"
Shape Roundrect Layer front
position  2.400000 -3.745000 size  0.600000  1.300000 orientation 270.00
drill  0.000000
shape_offset  0.000000  0.000000
$EndPAD
$PAD "B5"
Shape Roundrect Layer front
position  1.750000 -3.745000 size  0.300000  1.300000 orientation 270.00
drill  0.000000
shape_offset  0.000000  0.000000
$EndPAD
$PAD "B6"
Shape Roundrect Layer front
position  0.750000 -3.745000 size  0.300000  1.300000 orientation 270.00
drill  0.000000
shape_offset  0.000000  0.000000
$EndPAD
$PAD "B7"
Shape Roundrect Layer front
position -0.750000 -3.745000 size  0.300000  1.300000 orientation 270.00
drill  0.000000
shape_offset  0.000000  0.000000
$EndPAD
$PAD "B8"
Shape Roundrect Layer front
position -1.750000 -3.745000 size  0.300000  1.300000 orientation 270.00
drill  0.000000
shape_offset  0.000000  0.000000
$EndPAD
$PAD "B9"
Shape Roundrect Layer front
position -2.400000 -3.745000 size  0.600000  1.300000 orientation 270.00
drill  0.000000
shape_offset  0.000000  0.000000
$EndPAD
$PAD "B12"
Shape Roundrect Layer front
position -3.200000 -3.745000 size  0.600000  1.300000 orientation 270.00
drill  0.000000
shape_offset  0.000000  0.000000
$EndPAD
$PAD "SH"
Shape Oval Layer both
position -4.320000 -3.105000 size  1.000000  2.100000 orientation 270.00
drill  0.600000
shape_offset  0.000000  0.000000
$EndPAD
$PAD "SH"
Shape Oval Layer both
position -4.320000  1.075000 size  1.000000  1.600000 orientation 270.00
drill  0.600000
shape_offset  0.000000  0.000000
$EndPAD
$PAD "SH"
Shape Oval Layer both
position  4.320000 -3.105000 size  1.000000  2.100000 orientation 270.00
drill  0.600000
shape_offset  0.000000  0.000000
$EndPAD
$PAD "SH"
Shape Oval Layer both
position  4.320000  1.075000 size  1.000000  1.600000 orientation 270.00
drill  0.600000
shape_offset  0.000000  0.000000
$EndPAD
$EndMODULE J3

$MODULE J4
reference J4
value ESP_Conn
footprint Connector_PinSocket_2.54mm:PinSocket_2x04_P2.54mm_Vertical
attribut none
position 105.403700 76.835000  orientation 180.00
layer front
$PAD "1"
Shape Rect Layer both
position  0.000000  0.000000 size  1.700000  1.700000 orientation 180.00
drill  1.000000
shape_offset  0.000000  0.000000
$EndPAD
$PAD "2"
Shape Circle Layer both
position -2.540000  0.000000 size  1.700000  1.700000 orientation 180.00
drill  1.000000
shape_offset  0.000000  0.000000
$EndPAD
$PAD "3"
Shape Circle Layer both
position  0.000000  2.540000 size  1.700000  1.700000 orientation 180.00
drill  1.000000
shape_offset  0.000000  0.000000
$EndPAD
$PAD "4"
Shape Circle Layer both
position -2.540000  2.540000 size  1.700000  1.700000 orientation 180.00
drill  1.000000
shape_offset  0.000000  0.000000
$EndPAD
$PAD "5"
Shape Circle Layer both
position  0.000000  5.080000 size  1.700000  1.700000 orientation 180.00
drill  1.000000
shape_offset  0.000000  0.000000
$EndPAD
$PAD "6"
Shape Circle Layer both
position -2.540000  5.080000 size  1.700000  1.700000 orientation 180.00
drill  1.000000
shape_offset  0.000000  0.000000
$EndPAD
$PAD "7"
Shape Circle Layer both
position  0.000000  7.620000 size  1.700000  1.700000 orientation 180.00
drill  1.000000
shape_offset  0.000000  0.000000
$EndPAD
$PAD "8"
Shape Circle Layer both
position -2.540000  7.620000 size  1.700000  1.700000 orientation 180.00
drill  1.000000
shape_offset  0.000000  0.000000
$EndPAD
$EndMODULE J4

$MODULE J5
reference J5
value BATT_CONN
footprint Connector_JST:JST_XH_B2B-XH-A_1x02_P2.50mm_Vertical
attribut none
position 150.499500 61.442600  orientation 180.00
layer front
$PAD "1"
Shape Roundrect Layer both
position  0.000000  0.000000 size  1.700000  2.000000 orientation 180.00
drill  1.000000
shape_offset  0.000000  0.000000
$EndPAD
$PAD "2"
Shape Oval Layer both
position  2.500000  0.000000 size  1.700000  2.000000 orientation 180.00
drill  1.000000
shape_offset  0.000000  0.000000
$EndPAD
$EndMODULE J5

$MODULE J6
reference J6
value M1_CONN
footprint Connector_JST:JST_XH_B2B-XH-A_1x02_P2.50mm_Vertical
attribut none
position 158.916100 104.961200  orientation 0.00
layer front
$PAD "1"
Shape Roundrect Layer both
position  0.000000  0.000000 size  1.700000  2.000000 orientation 0.00
drill  1.000000
shape_offset  0.000000  0.000000
$EndPAD
$PAD "2"
Shape Oval Layer both
position  2.500000  0.000000 size  1.700000  2.000000 orientation 0.00
drill  1.000000
shape_offset  0.000000  0.000000
$EndPAD
$EndMODULE J6

$MODULE J7
reference J7
value M2_CONN
footprint Connector_JST:JST_XH_B2B-XH-A_1x02_P2.50mm_Vertical
attribut none
position 158.794500 60.731400  orientation 0.00
layer front
$PAD "1"
Shape Roundrect Layer both
position  0.000000  0.000000 size  1.700000  2.000000 orientation 0.00
drill  1.000000
shape_offset  0.000000  0.000000
$EndPAD
$PAD "2"
Shape Oval Layer both
position  2.500000  0.000000 size  1.700000  2.000000 orientation 0.00
drill  1.000000
shape_offset  0.000000  0.000000
$EndPAD
$EndMODULE J7

$MODULE J8
reference J8
value ENCODER_CONN
footprint Connector_JST:JST_XH_B4B-XH-A_1x04_P2.50mm_Vertical
attribut none
position 116.753700 102.412800  orientation 180.00
layer front
$PAD "1"
Shape Roundrect Layer both
position  0.000000  0.000000 size  1.700000  1.950000 orientation 180.00
drill  0.950000
shape_offset  0.000000  0.000000
$EndPAD
$PAD "2"
Shape Oval Layer both
position  2.500000  0.000000 size  1.700000  1.950000 orientation 180.00
drill  0.950000
shape_offset  0.000000  0.000000
$EndPAD
$PAD "3"
Shape Oval Layer both
position  5.000000  0.000000 size  1.700000  1.950000 orientation 180.00
drill  0.950000
shape_offset  0.000000  0.000000
$EndPAD
$PAD "4"
Shape Oval Layer both
position  7.500000  0.000000 size  1.700000  1.950000 orientation 180.00
drill  0.950000
shape_offset  0.000000  0.000000
$EndPAD
$EndMODULE J8

$MODULE J9
reference J9
value MT6701_CONN
footprint Connector_JST:JST_XH_B5B-XH-A_1x05_P2.50mm_Vertical
attribut none
position 113.337043 65.425082  orientation 0.00
layer front
$PAD "1"
Shape Roundrect Layer both
position  0.000000  0.000000 size  1.700000  1.950000 orientation 0.00
drill  0.950000
shape_offset  0.000000  0.000000
$EndPAD
$PAD "2"
Shape Oval Layer both
position  2.500000  0.000000 size  1.700000  1.950000 orientation 0.00
drill  0.950000
shape_offset  0.000000  0.000000
$EndPAD
$PAD "3"
Shape Oval Layer both
position  5.000000  0.000000 size  1.700000  1.950000 orientation 0.00
drill  0.950000
shape_offset  0.000000  0.000000
$EndPAD
$PAD "4"
Shape Oval Layer both
position  7.500000  0.000000 size  1.700000  1.950000 orientation 0.00
drill  0.950000
shape_offset  0.000000  0.000000
$EndPAD
$PAD "5"
Shape Oval Layer both
position 10.000000  0.000000 size  1.700000  1.950000 orientation 0.00
drill  0.950000
shape_offset  0.000000  0.000000
$EndPAD
$EndMODULE J9

$MODULE R1
reference R1
value 1k
footprint Resistor_SMD:R_0805_2012Metric_Pad1.20x1.40mm_HandSolder
attribut smd
position 111.118700 81.153000  orientation -90.00
layer front
$PAD "1"
Shape Roundrect Layer front
position -1.000000  0.000000 size  1.200000  1.400000 orientation 270.00
drill  0.000000
shape_offset  0.000000  0.000000
$EndPAD
$PAD "2"
Shape Roundrect Layer front
position  1.000000  0.000000 size  1.200000  1.400000 orientation 270.00
drill  0.000000
shape_offset  0.000000  0.000000
$EndPAD
$EndMODULE R1

$MODULE R2
reference R2
value 10k
footprint Resistor_SMD:R_0805_2012Metric_Pad1.20x1.40mm_HandSolder
attribut smd
position 127.146100 102.184200  orientation 0.00
layer front
$PAD "1"
Shape Roundrect Layer front
position -1.000000  0.000000 size  1.200000  1.400000 orientation 0.00
drill  0.000000
shape_offset  0.000000  0.000000
$EndPAD
$PAD "2"
Shape Roundrect Layer front
position  1.000000  0.000000 size  1.200000  1.400000 orientation 0.00
drill  0.000000
shape_offset  0.000000  0.000000
$EndPAD
$EndMODULE R2

$MODULE R3
reference R3
value 22R
footprint Resistor_SMD:R_0805_2012Metric_Pad1.20x1.40mm_HandSolder
attribut smd
position 119.018100 88.976200  orientation 0.00
layer front
$PAD "1"
Shape Roundrect Layer front
position -1.000000  0.000000 size  1.200000  1.400000 orientation 0.00
drill  0.000000
shape_offset  0.000000  0.000000
$EndPAD
$PAD "2"
Shape Roundrect Layer front
position  1.000000  0.000000 size  1.200000  1.400000 orientation 0.00
drill  0.000000
shape_offset  0.000000  0.000000
$EndPAD
$EndMODULE R3

$MODULE R4
reference R4
value 22R
footprint Resistor_SMD:R_0805_2012Metric_Pad1.20x1.40mm_HandSolder
attribut smd
position 119.018100 91.033600  orientation 0.00
layer front
$PAD "1"
Shape Roundrect Layer front
position -1.000000  0.000000 size  1.200000  1.400000 orientation 0.00
drill  0.000000
shape_offset  0.000000  0.000000
$EndPAD
$PAD "2"
Shape Roundrect Layer front
position  1.000000  0.000000 size  1.200000  1.400000 orientation 0.00
drill  0.000000
shape_offset  0.000000  0.000000
$EndPAD
$EndMODULE R4

$MODULE R6
reference R6
value 1k
footprint Resistor_SMD:R_0805_2012Metric_Pad1.20x1.40mm_HandSolder
attribut smd
position 127.374700 71.628000  orientation -90.00
layer front
$PAD "1"
Shape Roundrect Layer front
position -1.000000  0.000000 size  1.200000  1.400000 orientation 270.00
drill  0.000000
shape_offset  0.000000  0.000000
$EndPAD
$PAD "2"
Shape Roundrect Layer front
position  1.000000  0.000000 size  1.200000  1.400000 orientation 270.00
drill  0.000000
shape_offset  0.000000  0.000000
$EndPAD
$EndMODULE R6

$MODULE R7
reference R7
value 5.1k
footprint Resistor_SMD:R_0603_1608Metric_Pad0.98x0.95mm_HandSolder
attribut smd
position 111.779100 87.045800  orientation 180.00
layer front
$PAD "1"
Shape Roundrect Layer front
position -0.912500  0.000000 size  0.975000  0.950000 orientation 180.00
drill  0.000000
shape_offset  0.000000  0.000000
$EndPAD
$PAD "2"
Shape Roundrect Layer front
position  0.912500  0.000000 size  0.975000  0.950000 orientation 180.00
drill  0.000000
shape_offset  0.000000  0.000000
$EndPAD
$EndMODULE R7

$MODULE R8
reference R8
value 5.1k
footprint Resistor_SMD:R_0603_1608Metric_Pad0.98x0.95mm_HandSolder
attribut smd
position 111.779100 93.014800  orientation 0.00
layer front
$PAD "1"
Shape Roundrect Layer front
position -0.912500  0.000000 size  0.975000  0.950000 orientation 0.00
drill  0.000000
shape_offset  0.000000  0.000000
$EndPAD
$PAD "2"
Shape Roundrect Layer front
position  0.912500  0.000000 size  0.975000  0.950000 orientation 0.00
drill  0.000000
shape_offset  0.000000  0.000000
$EndPAD
$EndMODULE R8

$MODULE R9
reference R9
value 1k
footprint Resistor_SMD:R_0805_2012Metric_Pad1.20x1.40mm_HandSolder
attribut smd
position 126.409500 75.209400  orientation 0.00
layer front
$PAD "1"
Shape Roundrect Layer front
position -1.000000  0.000000 size  1.200000  1.400000 orientation 0.00
drill  0.000000
shape_offset  0.000000  0.000000
$EndPAD
$PAD "2"
Shape Roundrect Layer front
position  1.000000  0.000000 size  1.200000  1.400000 orientation 0.00
drill  0.000000
shape_offset  0.000000  0.000000
$EndPAD
$EndMODULE R9

$MODULE R10
reference R10
value 1k
footprint Resistor_SMD:R_0805_2012Metric_Pad1.20x1.40mm_HandSolder
attribut smd
position 127.450900 63.195200  orientation -90.00
layer front
$PAD "1"
Shape Roundrect Layer front
position -1.000000  0.000000 size  1.200000  1.400000 orientation 270.00
drill  0.000000
shape_offset  0.000000  0.000000
$EndPAD
$PAD "2"
Shape Roundrect Layer front
position  1.000000  0.000000 size  1.200000  1.400000 orientation 270.00
drill  0.000000
shape_offset  0.000000  0.000000
$EndPAD
$EndMODULE R10

$MODULE R17
reference R17
value 10k
footprint Resistor_SMD:R_0805_2012Metric_Pad1.20x1.40mm_HandSolder
attribut smd
position 105.505300 65.659000  orientation 180.00
layer front
$PAD "1"
Shape Roundrect Layer front
position -1.000000  0.000000 size  1.200000  1.400000 orientation 180.00
drill  0.000000
shape_offset  0.000000  0.000000
$EndPAD
$PAD "2"
Shape Roundrect Layer front
position  1.000000  0.000000 size  1.200000  1.400000 orientation 180.00
drill  0.000000
shape_offset  0.000000  0.000000
$EndPAD
$EndMODULE R17

$MODULE S3
reference S3
value REGULATOR_SWITCH
footprint SW_SLW-66527511-SMT-TR:SW_SLW-66527511-SMT-TR
attribut smd
position 149.386034 69.460209  orientation 0.00
layer front
$PAD ""
Shape Circle Layer both
position -1.500000  0.000000 size  0.900000  0.900000 orientation 0.00
drill  0.900000
shape_offset  0.000000  0.000000
$EndPAD
$PAD ""
Shape Circle Layer both
position  1.500000  0.000000 size  0.900000  0.900000 orientation 0.00
drill  0.900000
shape_offset  0.000000  0.000000
$EndPAD
$PAD "1"
Shape Rect Layer front
position -2.250000 -2.075000 size  0.900000  1.250000 orientation 0.00
drill  0.000000
shape_offset  0.000000  0.000000
$EndPAD
$PAD "2"
Shape Rect Layer front
position  0.750000 -2.075000 size  0.900000  1.250000 orientation 0.00
drill  0.000000
shape_offset  0.000000  0.000000
$EndPAD
$PAD "3"
Shape Rect Layer front
position  2.250000 -2.075000 size  0.900000  1.250000 orientation 0.00
drill  0.000000
shape_offset  0.000000  0.000000
$EndPAD
$PAD "SH1"
Shape Rect Layer front
position -3.800000 -1.050000 size  0.800000  0.900000 orientation 0.00
drill  0.000000
shape_offset  0.000000  0.000000
$EndPAD
$PAD "SH2"
Shape Rect Layer front
position  3.800000 -1.050000 size  0.800000  0.900000 orientation 0.00
drill  0.000000
shape_offset  0.000000  0.000000
$EndPAD
$PAD "SH3"
Shape Rect Layer front
position -3.800000  1.050000 size  0.800000  0.900000 orientation 0.00
drill  0.000000
shape_offset  0.000000  0.000000
$EndPAD
$PAD "SH4"
Shape Rect Layer front
position  3.800000  1.050000 size  0.800000  0.900000 orientation 0.00
drill  0.000000
shape_offset  0.000000  0.000000
$EndPAD
$EndMODULE S3

$MODULE S4
reference S4
value RST_SWITCH
footprint SW_SLW-66527511-SMT-TR:SW_SLW-66527511-SMT-TR
attribut smd
position 125.405500 106.469000  orientation 0.00
layer front
$PAD ""
Shape Circle Layer both
position -1.500000  0.000000 size  0.900000  0.900000 orientation 0.00
drill  0.900000
shape_offset  0.000000  0.000000
$EndPAD
$PAD ""
Shape Circle Layer both
position  1.500000  0.000000 size  0.900000  0.900000 orientation 0.00
drill  0.900000
shape_offset  0.000000  0.000000
$EndPAD
$PAD "1"
Shape Rect Layer front
position -2.250000 -2.075000 size  0.900000  1.250000 orientation 0.00
drill  0.000000
shape_offset  0.000000  0.000000
$EndPAD
$PAD "2"
Shape Rect Layer front
position  0.750000 -2.075000 size  0.900000  1.250000 orientation 0.00
drill  0.000000
shape_offset  0.000000  0.000000
$EndPAD
$PAD "3"
Shape Rect Layer front
position  2.250000 -2.075000 size  0.900000  1.250000 orientation 0.00
drill  0.000000
shape_offset  0.000000  0.000000
$EndPAD
$PAD "SH1"
Shape Rect Layer front
position -3.800000 -1.050000 size  0.800000  0.900000 orientation 0.00
drill  0.000000
shape_offset  0.000000  0.000000
$EndPAD
$PAD "SH2"
Shape Rect Layer front
position  3.800000 -1.050000 size  0.800000  0.900000 orientation 0.00
drill  0.000000
shape_offset  0.000000  0.000000
$EndPAD
$PAD "SH3"
Shape Rect Layer front
position -3.800000  1.050000 size  0.800000  0.900000 orientation 0.00
drill  0.000000
shape_offset  0.000000  0.000000
$EndPAD
$PAD "SH4"
Shape Rect Layer front
position  3.800000  1.050000 size  0.800000  0.900000 orientation 0.00
drill  0.000000
shape_offset  0.000000  0.000000
$EndPAD
$EndMODULE S4

$MODULE SW2
reference SW2
value SW_uP_Reset
footprint SW_uP_Reset:SW_uP_Reset
attribut smd
position 142.944900 96.672400  orientation 180.00
layer front
$PAD "1"
Shape Rect Layer front
position -3.350000  0.000000 size  1.500000  2.300000 orientation 270.00
drill  0.000000
shape_offset  0.000000  0.000000
$EndPAD
$PAD "2"
Shape Rect Layer front
position  3.350000  0.000000 size  1.500000  2.300000 orientation 270.00
drill  0.000000
shape_offset  0.000000  0.000000
$EndPAD
$EndMODULE SW2

$MODULE U1
reference U1
value STM32F401RBTx
footprint Package_QFP:LQFP-64_10x10mm_P0.5mm
attribut smd
position 129.421300 87.834400  orientation 180.00
layer front
$PAD "1"
Shape Roundrect Layer front
position -5.675000 -3.750000 size  1.550000  0.300000 orientation 180.00
drill  0.000000
shape_offset  0.000000  0.000000
$EndPAD
$PAD "2"
Shape Roundrect Layer front
position -5.675000 -3.250000 size  1.550000  0.300000 orientation 180.00
drill  0.000000
shape_offset  0.000000  0.000000
$EndPAD
$PAD "3"
Shape Roundrect Layer front
position -5.675000 -2.750000 size  1.550000  0.300000 orientation 180.00
drill  0.000000
shape_offset  0.000000  0.000000
$EndPAD
$PAD "4"
Shape Roundrect Layer front
position -5.675000 -2.250000 size  1.550000  0.300000 orientation 180.00
drill  0.000000
shape_offset  0.000000  0.000000
$EndPAD
$PAD "5"
Shape Roundrect Layer front
position -5.675000 -1.750000 size  1.550000  0.300000 orientation 180.00
drill  0.000000
shape_offset  0.000000  0.000000
$EndPAD
$PAD "6"
Shape Roundrect Layer front
position -5.675000 -1.250000 size  1.550000  0.300000 orientation 180.00
drill  0.000000
shape_offset  0.000000  0.000000
$EndPAD
$PAD "7"
Shape Roundrect Layer front
position -5.675000 -0.750000 size  1.550000  0.300000 orientation 180.00
drill  0.000000
shape_offset  0.000000  0.000000
$EndPAD
$PAD "8"
Shape Roundrect Layer front
position -5.675000 -0.250000 size  1.550000  0.300000 orientation 180.00
drill  0.000000
shape_offset  0.000000  0.000000
$EndPAD
$PAD "9"
Shape Roundrect Layer front
position -5.675000  0.250000 size  1.550000  0.300000 orientation 180.00
drill  0.000000
shape_offset  0.000000  0.000000
$EndPAD
$PAD "10"
Shape Roundrect Layer front
position -5.675000  0.750000 size  1.550000  0.300000 orientation 180.00
drill  0.000000
shape_offset  0.000000  0.000000
$EndPAD
$PAD "11"
Shape Roundrect Layer front
position -5.675000  1.250000 size  1.550000  0.300000 orientation 180.00
drill  0.000000
shape_offset  0.000000  0.000000
$EndPAD
$PAD "12"
Shape Roundrect Layer front
position -5.675000  1.750000 size  1.550000  0.300000 orientation 180.00
drill  0.000000
shape_offset  0.000000  0.000000
$EndPAD
$PAD "13"
Shape Roundrect Layer front
position -5.675000  2.250000 size  1.550000  0.300000 orientation 180.00
drill  0.000000
shape_offset  0.000000  0.000000
$EndPAD
$PAD "14"
Shape Roundrect Layer front
position -5.675000  2.750000 size  1.550000  0.300000 orientation 180.00
drill  0.000000
shape_offset  0.000000  0.000000
$EndPAD
$PAD "15"
Shape Roundrect Layer front
position -5.675000  3.250000 size  1.550000  0.300000 orientation 180.00
drill  0.000000
shape_offset  0.000000  0.000000
$EndPAD
$PAD "16"
Shape Roundrect Layer front
position -5.675000  3.750000 size  1.550000  0.300000 orientation 180.00
drill  0.000000
shape_offset  0.000000  0.000000
$EndPAD
$PAD "17"
Shape Roundrect Layer front
position -3.750000  5.675000 size  0.300000  1.550000 orientation 180.00
drill  0.000000
shape_offset  0.000000  0.000000
$EndPAD
$PAD "18"
Shape Roundrect Layer front
position -3.250000  5.675000 size  0.300000  1.550000 orientation 180.00
drill  0.000000
shape_offset  0.000000  0.000000
$EndPAD
$PAD "19"
Shape Roundrect Layer front
position -2.750000  5.675000 size  0.300000  1.550000 orientation 180.00
drill  0.000000
shape_offset  0.000000  0.000000
$EndPAD
$PAD "20"
Shape Roundrect Layer front
position -2.250000  5.675000 size  0.300000  1.550000 orientation 180.00
drill  0.000000
shape_offset  0.000000  0.000000
$EndPAD
$PAD "21"
Shape Roundrect Layer front
position -1.750000  5.675000 size  0.300000  1.550000 orientation 180.00
drill  0.000000
shape_offset  0.000000  0.000000
$EndPAD
$PAD "22"
Shape Roundrect Layer front
position -1.250000  5.675000 size  0.300000  1.550000 orientation 180.00
drill  0.000000
shape_offset  0.000000  0.000000
$EndPAD
$PAD "23"
Shape Roundrect Layer front
position -0.750000  5.675000 size  0.300000  1.550000 orientation 180.00
drill  0.000000
shape_offset  0.000000  0.000000
$EndPAD
$PAD "24"
Shape Roundrect Layer front
position -0.250000  5.675000 size  0.300000  1.550000 orientation 180.00
drill  0.000000
shape_offset  0.000000  0.000000
$EndPAD
$PAD "25"
Shape Roundrect Layer front
position  0.250000  5.675000 size  0.300000  1.550000 orientation 180.00
drill  0.000000
shape_offset  0.000000  0.000000
$EndPAD
$PAD "26"
Shape Roundrect Layer front
position  0.750000  5.675000 size  0.300000  1.550000 orientation 180.00
drill  0.000000
shape_offset  0.000000  0.000000
$EndPAD
$PAD "27"
Shape Roundrect Layer front
position  1.250000  5.675000 size  0.300000  1.550000 orientation 180.00
drill  0.000000
shape_offset  0.000000  0.000000
$EndPAD
$PAD "28"
Shape Roundrect Layer front
position  1.750000  5.675000 size  0.300000  1.550000 orientation 180.00
drill  0.000000
shape_offset  0.000000  0.000000
$EndPAD
$PAD "29"
Shape Roundrect Layer front
position  2.250000  5.675000 size  0.300000  1.550000 orientation 180.00
drill  0.000000
shape_offset  0.000000  0.000000
$EndPAD
$PAD "30"
Shape Roundrect Layer front
position  2.750000  5.675000 size  0.300000  1.550000 orientation 180.00
drill  0.000000
shape_offset  0.000000  0.000000
$EndPAD
$PAD "31"
Shape Roundrect Layer front
position  3.250000  5.675000 size  0.300000  1.550000 orientation 180.00
drill  0.000000
shape_offset  0.000000  0.000000
$EndPAD
$PAD "32"
Shape Roundrect Layer front
position  3.750000  5.675000 size  0.300000  1.550000 orientation 180.00
drill  0.000000
shape_offset  0.000000  0.000000
$EndPAD
$PAD "33"
Shape Roundrect Layer front
position  5.675000  3.750000 size  1.550000  0.300000 orientation 180.00
drill  0.000000
shape_offset  0.000000  0.000000
$EndPAD
$PAD "34"
Shape Roundrect Layer front
position  5.675000  3.250000 size  1.550000  0.300000 orientation 180.00
drill  0.000000
shape_offset  0.000000  0.000000
$EndPAD
$PAD "35"
Shape Roundrect Layer front
position  5.675000  2.750000 size  1.550000  0.300000 orientation 180.00
drill  0.000000
shape_offset  0.000000  0.000000
$EndPAD
$PAD "36"
Shape Roundrect Layer front
position  5.675000  2.250000 size  1.550000  0.300000 orientation 180.00
drill  0.000000
shape_offset  0.000000  0.000000
$EndPAD
$PAD "37"
Shape Roundrect Layer front
position  5.675000  1.750000 size  1.550000  0.300000 orientation 180.00
drill  0.000000
shape_offset  0.000000  0.000000
$EndPAD
$PAD "38"
Shape Roundrect Layer front
position  5.675000  1.250000 size  1.550000  0.300000 orientation 180.00
drill  0.000000
shape_offset  0.000000  0.000000
$EndPAD
$PAD "39"
Shape Roundrect Layer front
position  5.675000  0.750000 size  1.550000  0.300000 orientation 180.00
drill  0.000000
shape_offset  0.000000  0.000000
$EndPAD
$PAD "40"
Shape Roundrect Layer front
position  5.675000  0.250000 size  1.550000  0.300000 orientation 180.00
drill  0.000000
shape_offset  0.000000  0.000000
$EndPAD
$PAD "41"
Shape Roundrect Layer front
position  5.675000 -0.250000 size  1.550000  0.300000 orientation 180.00
drill  0.000000
shape_offset  0.000000  0.000000
$EndPAD
$PAD "42"
Shape Roundrect Layer front
position  5.675000 -0.750000 size  1.550000  0.300000 orientation 180.00
drill  0.000000
shape_offset  0.000000  0.000000
$EndPAD
$PAD "43"
Shape Roundrect Layer front
position  5.675000 -1.250000 size  1.550000  0.300000 orientation 180.00
drill  0.000000
shape_offset  0.000000  0.000000
$EndPAD
$PAD "44"
Shape Roundrect Layer front
position  5.675000 -1.750000 size  1.550000  0.300000 orientation 180.00
drill  0.000000
shape_offset  0.000000  0.000000
$EndPAD
$PAD "45"
Shape Roundrect Layer front
position  5.675000 -2.250000 size  1.550000  0.300000 orientation 180.00
drill  0.000000
shape_offset  0.000000  0.000000
$EndPAD
$PAD "46"
Shape Roundrect Layer front
position  5.675000 -2.750000 size  1.550000  0.300000 orientation 180.00
drill  0.000000
shape_offset  0.000000  0.000000
$EndPAD
$PAD "47"
Shape Roundrect Layer front
position  5.675000 -3.250000 size  1.550000  0.300000 orientation 180.00
drill  0.000000
shape_offset  0.000000  0.000000
$EndPAD
$PAD "48"
Shape Roundrect Layer front
position  5.675000 -3.750000 size  1.550000  0.300000 orientation 180.00
drill  0.000000
shape_offset  0.000000  0.000000
$EndPAD
$PAD "49"
Shape Roundrect Layer front
position  3.750000 -5.675000 size  0.300000  1.550000 orientation 180.00
drill  0.000000
shape_offset  0.000000  0.000000
$EndPAD
$PAD "50"
Shape Roundrect Layer front
position  3.250000 -5.675000 size  0.300000  1.550000 orientation 180.00
drill  0.000000
shape_offset  0.000000  0.000000
$EndPAD
$PAD "51"
Shape Roundrect Layer front
position  2.750000 -5.675000 size  0.300000  1.550000 orientation 180.00
drill  0.000000
shape_offset  0.000000  0.000000
$EndPAD
$PAD "52"
Shape Roundrect Layer front
position  2.250000 -5.675000 size  0.300000  1.550000 orientation 180.00
drill  0.000000
shape_offset  0.000000  0.000000
$EndPAD
$PAD "53"
Shape Roundrect Layer front
position  1.750000 -5.675000 size  0.300000  1.550000 orientation 180.00
drill  0.000000
shape_offset  0.000000  0.000000
$EndPAD
$PAD "54"
Shape Roundrect Layer front
position  1.250000 -5.675000 size  0.300000  1.550000 orientation 180.00
drill  0.000000
shape_offset  0.000000  0.000000
$EndPAD
$PAD "55"
Shape Roundrect Layer front
position  0.750000 -5.675000 size  0.300000  1.550000 orientation 180.00
drill  0.000000
shape_offset  0.000000  0.000000
$EndPAD
$PAD "56"
Shape Roundrect Layer front
position  0.250000 -5.675000 size  0.300000  1.550000 orientation 180.00
drill  0.000000
shape_offset  0.000000  0.000000
$EndPAD
$PAD "57"
Shape Roundrect Layer front
position -0.250000 -5.675000 size  0.300000  1.550000 orientation 180.00
drill  0.000000
shape_offset  0.000000  0.000000
$EndPAD
$PAD "58"
Shape Roundrect Layer front
position -0.750000 -5.675000 size  0.300000  1.550000 orientation 180.00
drill  0.000000
shape_offset  0.000000  0.000000
$EndPAD
$PAD "59"
Shape Roundrect Layer front
position -1.250000 -5.675000 size  0.300000  1.550000 orientation 180.00
drill  0.000000
shape_offset  0.000000  0.000000
$EndPAD
$PAD "60"
Shape Roundrect Layer front
position -1.750000 -5.675000 size  0.300000  1.550000 orientation 180.00
drill  0.000000
shape_offset  0.000000  0.000000
$EndPAD
$PAD "61"
Shape Roundrect Layer front
position -2.250000 -5.675000 size  0.300000  1.550000 orientation 180.00
drill  0.000000
shape_offset  0.000000  0.000000
$EndPAD
$PAD "62"
Shape Roundrect Layer front
position -2.750000 -5.675000 size  0.300000  1.550000 orientation 180.00
drill  0.000000
shape_offset  0.000000  0.000000
$EndPAD
$PAD "63"
Shape Roundrect Layer front
position -3.250000 -5.675000 size  0.300000  1.550000 orientation 180.00
drill  0.000000
shape_offset  0.000000  0.000000
$EndPAD
$PAD "64"
Shape Roundrect Layer front
position -3.750000 -5.675000 size  0.300000  1.550000 orientation 180.00
drill  0.000000
shape_offset  0.000000  0.000000
$EndPAD
$EndMODULE U1

$MODULE U2
reference U2
value TB6612FNG
footprint Package_SO:SSOP-24_5.3x8.2mm_P0.65mm
attribut smd
position 158.337300 77.982100  orientation 180.00
layer front
$PAD "1"
Shape Roundrect Layer front
position -3.500000 -3.575000 size  1.900000  0.400000 orientation 180.00
drill  0.000000
shape_offset  0.000000  0.000000
$EndPAD
$PAD "2"
Shape Roundrect Layer front
position -3.500000 -2.925000 size  1.900000  0.400000 orientation 180.00
drill  0.000000
shape_offset  0.000000  0.000000
$EndPAD
$PAD "3"
Shape Roundrect Layer front
position -3.500000 -2.275000 size  1.900000  0.400000 orientation 180.00
drill  0.000000
shape_offset  0.000000  0.000000
$EndPAD
$PAD "4"
Shape Roundrect Layer front
position -3.500000 -1.625000 size  1.900000  0.400000 orientation 180.00
drill  0.000000
shape_offset  0.000000  0.000000
$EndPAD
$PAD "5"
Shape Roundrect Layer front
position -3.500000 -0.975000 size  1.900000  0.400000 orientation 180.00
drill  0.000000
shape_offset  0.000000  0.000000
$EndPAD
$PAD "6"
Shape Roundrect Layer front
position -3.500000 -0.325000 size  1.900000  0.400000 orientation 180.00
drill  0.000000
shape_offset  0.000000  0.000000
$EndPAD
$PAD "7"
Shape Roundrect Layer front
position -3.500000  0.325000 size  1.900000  0.400000 orientation 180.00
drill  0.000000
shape_offset  0.000000  0.000000
$EndPAD
$PAD "8"
Shape Roundrect Layer front
position -3.500000  0.975000 size  1.900000  0.400000 orientation 180.00
drill  0.000000
shape_offset  0.000000  0.000000
$EndPAD
$PAD "9"
Shape Roundrect Layer front
position -3.500000  1.625000 size  1.900000  0.400000 orientation 180.00
drill  0.000000
shape_offset  0.000000  0.000000
$EndPAD
$PAD "10"
Shape Roundrect Layer front
position -3.500000  2.275000 size  1.900000  0.400000 orientation 180.00
drill  0.000000
shape_offset  0.000000  0.000000
$EndPAD
$PAD "11"
Shape Roundrect Layer front
position -3.500000  2.925000 size  1.900000  0.400000 orientation 180.00
drill  0.000000
shape_offset  0.000000  0.000000
$EndPAD
$PAD "12"
Shape Roundrect Layer front
position -3.500000  3.575000 size  1.900000  0.400000 orientation 180.00
drill  0.000000
shape_offset  0.000000  0.000000
$EndPAD
$PAD "13"
Shape Roundrect Layer front
position  3.500000  3.575000 size  1.900000  0.400000 orientation 180.00
drill  0.000000
shape_offset  0.000000  0.000000
$EndPAD
$PAD "14"
Shape Roundrect Layer front
position  3.500000  2.925000 size  1.900000  0.400000 orientation 180.00
drill  0.000000
shape_offset  0.000000  0.000000
$EndPAD
$PAD "15"
Shape Roundrect Layer front
position  3.500000  2.275000 size  1.900000  0.400000 orientation 180.00
drill  0.000000
shape_offset  0.000000  0.000000
$EndPAD
$PAD "16"
Shape Roundrect Layer front
position  3.500000  1.625000 size  1.900000  0.400000 orientation 180.00
drill  0.000000
shape_offset  0.000000  0.000000
$EndPAD
$PAD "17"
Shape Roundrect Layer front
position  3.500000  0.975000 size  1.900000  0.400000 orientation 180.00
drill  0.000000
shape_offset  0.000000  0.000000
$EndPAD
$PAD "18"
Shape Roundrect Layer front
position  3.500000  0.325000 size  1.900000  0.400000 orientation 180.00
drill  0.000000
shape_offset  0.000000  0.000000
$EndPAD
$PAD "19"
Shape Roundrect Layer front
position  3.500000 -0.325000 size  1.900000  0.400000 orientation 180.00
drill  0.000000
shape_offset  0.000000  0.000000
$EndPAD
$PAD "20"
Shape Roundrect Layer front
position  3.500000 -0.975000 size  1.900000  0.400000 orientation 180.00
drill  0.000000
shape_offset  0.000000  0.000000
$EndPAD
$PAD "21"
Shape Roundrect Layer front
position  3.500000 -1.625000 size  1.900000  0.400000 orientation 180.00
drill  0.000000
shape_offset  0.000000  0.000000
$EndPAD
$PAD "22"
Shape Roundrect Layer front
position  3.500000 -2.275000 size  1.900000  0.400000 orientation 180.00
drill  0.000000
shape_offset  0.000000  0.000000
$EndPAD
$PAD "23"
Shape Roundrect Layer front
position  3.500000 -2.925000 size  1.900000  0.400000 orientation 180.00
drill  0.000000
shape_offset  0.000000  0.000000
$EndPAD
$PAD "24"
Shape Roundrect Layer front
position  3.500000 -3.575000 size  1.900000  0.400000 orientation 180.00
drill  0.000000
shape_offset  0.000000  0.000000
$EndPAD
$EndMODULE U2

$MODULE U3
reference U3
value LD1117S50TR_SOT223
footprint Package_TO_SOT_SMD:SOT-223-3_TabPin2
attribut smd
position 133.013500 62.915800  orientation 180.00
layer front
$PAD "1"
Shape Roundrect Layer front
position -3.150000 -2.300000 size  2.000000  1.500000 orientation 180.00
drill  0.000000
shape_offset  0.000000  0.000000
$EndPAD
$PAD "2"
Shape Roundrect Layer front
position -3.150000  0.000000 size  2.000000  1.500000 orientation 180.00
drill  0.000000
shape_offset  0.000000  0.000000
$EndPAD
$PAD "2"
Shape Roundrect Layer front
position  3.150000  0.000000 size  2.000000  3.800000 orientation 180.00
drill  0.000000
shape_offset  0.000000  0.000000
$EndPAD
$PAD "3"
Shape Roundrect Layer front
position -3.150000  2.300000 size  2.000000  1.500000 orientation 180.00
drill  0.000000
shape_offset  0.000000  0.000000
$EndPAD
$EndMODULE U3

$MODULE U5
reference U5
value USBLC6-2SC6
footprint Package_TO_SOT_SMD:SOT-23-6
attribut smd
position 112.185500 89.992200  orientation 0.00
layer front
$PAD "1"
Shape Roundrect Layer front
position -1.137500 -0.950000 size  1.325000  0.600000 orientation 0.00
drill  0.000000
shape_offset  0.000000  0.000000
$EndPAD
$PAD "2"
Shape Roundrect Layer front
position -1.137500  0.000000 size  1.325000  0.600000 orientation 0.00
drill  0.000000
shape_offset  0.000000  0.000000
$EndPAD
$PAD "3"
Shape Roundrect Layer front
position -1.137500  0.950000 size  1.325000  0.600000 orientation 0.00
drill  0.000000
shape_offset  0.000000  0.000000
$EndPAD
$PAD "4"
Shape Roundrect Layer front
position  1.137500  0.950000 size  1.325000  0.600000 orientation 0.00
drill  0.000000
shape_offset  0.000000  0.000000
$EndPAD
$PAD "5"
Shape Roundrect Layer front
position  1.137500  0.000000 size  1.325000  0.600000 orientation 0.00
drill  0.000000
shape_offset  0.000000  0.000000
$EndPAD
$PAD "6"
Shape Roundrect Layer front
position  1.137500 -0.950000 size  1.325000  0.600000 orientation 0.00
drill  0.000000
shape_offset  0.000000  0.000000
$EndPAD
$EndMODULE U5

$MODULE U6
reference U6
value LD1117S33TR_SOT223
footprint Package_TO_SOT_SMD:SOT-223-3_TabPin2
attribut smd
position 133.038900 71.755000  orientation 180.00
layer front
$PAD "1"
Shape Roundrect Layer front
position -3.150000 -2.300000 size  2.000000  1.500000 orientation 180.00
drill  0.000000
shape_offset  0.000000  0.000000
$EndPAD
$PAD "2"
Shape Roundrect Layer front
position -3.150000  0.000000 size  2.000000  1.500000 orientation 180.00
drill  0.000000
shape_offset  0.000000  0.000000
$EndPAD
$PAD "2"
Shape Roundrect Layer front
position  3.150000  0.000000 size  2.000000  3.800000 orientation 180.00
drill  0.000000
shape_offset  0.000000  0.000000
$EndPAD
$PAD "3"
Shape Roundrect Layer front
position -3.150000  2.300000 size  2.000000  1.500000 orientation 180.00
drill  0.000000
shape_offset  0.000000  0.000000
$EndPAD
$EndMODULE U6

$MODULE Y3
reference Y3
value 16MHz
footprint Crystal:Crystal_SMD_Abracon_ABM8G-4Pin_3.2x2.5mm
attribut smd
position 143.643400 89.739500  orientation 90.00
layer front
$PAD "1"
Shape Roundrect Layer front
position -1.100000  0.850000 size  1.400000  1.200000 orientation 90.00
drill  0.000000
shape_offset  0.000000  0.000000
$EndPAD
$PAD "2"
Shape Roundrect Layer front
position  1.100000  0.850000 size  1.400000  1.200000 orientation 90.00
drill  0.000000
shape_offset  0.000000  0.000000
$EndPAD
$PAD "3"
Shape Roundrect Layer front
position  1.100000 -0.850000 size  1.400000  1.200000 orientation 90.00
drill  0.000000
shape_offset  0.000000  0.000000
$EndPAD
$PAD "4"
Shape Roundrect Layer front
position -1.100000 -0.850000 size  1.400000  1.200000 orientation 90.00
drill  0.000000
shape_offset  0.000000  0.000000
$EndPAD
$EndMODULE Y3

$EndDESCRIPTION
